\BOOKMARK [0][-]{chapter.1}{\376\377\0001\000\040\000m\000a\000i\000n\000p\000a\000g\000e}{}% 1
\BOOKMARK [1][-]{section.1.1}{\376\377\0001\000.\0001\000\040\000A\000L\000P\000I\000N\000i\000S\000M\000:\000\040\000A\000b\000s\000t\000r\000a\000c\000t\000i\000o\000n\000\040\000L\000a\000y\000e\000r\000\040\000f\000o\000r\000\040\000P\000r\000o\000g\000r\000a\000m\000m\000i\000n\000g\000\040\000P\000e\000r\000s\000i\000s\000t\000e\000n\000t\000\040\000S\000h\000a\000r\000e\000d\000\040\000M\000e\000m\000o\000r\000y\000\040}{chapter.1}% 2
\BOOKMARK [0][-]{chapter.2}{\376\377\0002\000\040\000p\000e\000g\000a\000s\000u\000s}{}% 3
\BOOKMARK [1][-]{section.2.1}{\376\377\0002\000.\0001\000\040\000P\000E\000G\000A\000S\000U\000S\000:\000\040\000P\000e\000r\000s\000i\000s\000t\000e\000n\000t\000\040\000G\000l\000o\000b\000a\000l\000\040\000A\000d\000d\000r\000e\000s\000s\000\040\000S\000p\000a\000c\000e\000\040\000f\000o\000r\000\040\000U\000n\000i\000v\000e\000r\000s\000a\000l\000\040\000S\000h\000a\000r\000i\000n\000g\000\040}{chapter.2}% 4
\BOOKMARK [0][-]{chapter.3}{\376\377\0003\000\040\000T\000o\000d\000o\000\040\000L\000i\000s\000t}{}% 5
\BOOKMARK [0][-]{chapter.4}{\376\377\0004\000\040\000M\000o\000d\000u\000l\000e\000\040\000I\000n\000d\000e\000x}{}% 6
\BOOKMARK [1][-]{section.4.1}{\376\377\0004\000.\0001\000\040\000M\000o\000d\000u\000l\000e\000s}{chapter.4}% 7
\BOOKMARK [0][-]{chapter.5}{\376\377\0005\000\040\000H\000i\000e\000r\000a\000r\000c\000h\000i\000c\000a\000l\000\040\000I\000n\000d\000e\000x}{}% 8
\BOOKMARK [1][-]{section.5.1}{\376\377\0005\000.\0001\000\040\000C\000l\000a\000s\000s\000\040\000H\000i\000e\000r\000a\000r\000c\000h\000y}{chapter.5}% 9
\BOOKMARK [0][-]{chapter.6}{\376\377\0006\000\040\000C\000l\000a\000s\000s\000\040\000I\000n\000d\000e\000x}{}% 10
\BOOKMARK [1][-]{section.6.1}{\376\377\0006\000.\0001\000\040\000C\000l\000a\000s\000s\000\040\000L\000i\000s\000t}{chapter.6}% 11
\BOOKMARK [0][-]{chapter.7}{\376\377\0007\000\040\000M\000o\000d\000u\000l\000e\000\040\000D\000o\000c\000u\000m\000e\000n\000t\000a\000t\000i\000o\000n}{}% 12
\BOOKMARK [1][-]{section.7.1}{\376\377\0007\000.\0001\000\040\000C\000o\000m\000p\000i\000l\000e\000r\000\040\000S\000p\000e\000c\000i\000f\000i\000c\000\040\000O\000p\000t\000i\000m\000i\000z\000a\000t\000i\000o\000n\000s}{chapter.7}% 13
\BOOKMARK [2][-]{subsection.7.1.1}{\376\377\0007\000.\0001\000.\0001\000\040\000D\000e\000t\000a\000i\000l\000e\000d\000\040\000D\000e\000s\000c\000r\000i\000p\000t\000i\000o\000n}{section.7.1}% 14
\BOOKMARK [2][-]{subsection.7.1.2}{\376\377\0007\000.\0001\000.\0002\000\040\000M\000a\000c\000r\000o\000\040\000D\000e\000f\000i\000n\000i\000t\000i\000o\000n\000\040\000D\000o\000c\000u\000m\000e\000n\000t\000a\000t\000i\000o\000n}{section.7.1}% 15
\BOOKMARK [3][-]{subsubsection.7.1.2.1}{\376\377\0007\000.\0001\000.\0002\000.\0001\000\040\000M\000A\000Y\000A\000L\000I\000A\000S}{subsection.7.1.2}% 16
\BOOKMARK [3][-]{subsubsection.7.1.2.2}{\376\377\0007\000.\0001\000.\0002\000.\0002\000\040\000R\000E\000S\000T\000R\000I\000C\000T\000A\000L\000I\000A\000S}{subsection.7.1.2}% 17
\BOOKMARK [1][-]{section.7.2}{\376\377\0007\000.\0002\000\040\000C\000+\000+\0001\0001\000\040\000K\000e\000y\000w\000o\000r\000d\000s\000\040\000i\000n\000\040\000P\000u\000b\000l\000i\000c\000\040\000H\000e\000a\000d\000e\000r\000s}{chapter.7}% 18
\BOOKMARK [2][-]{subsection.7.2.1}{\376\377\0007\000.\0002\000.\0001\000\040\000D\000e\000t\000a\000i\000l\000e\000d\000\040\000D\000e\000s\000c\000r\000i\000p\000t\000i\000o\000n}{section.7.2}% 19
\BOOKMARK [2][-]{subsection.7.2.2}{\376\377\0007\000.\0002\000.\0002\000\040\000M\000a\000c\000r\000o\000\040\000D\000e\000f\000i\000n\000i\000t\000i\000o\000n\000\040\000D\000o\000c\000u\000m\000e\000n\000t\000a\000t\000i\000o\000n}{section.7.2}% 20
\BOOKMARK [3][-]{subsubsection.7.2.2.1}{\376\377\0007\000.\0002\000.\0002\000.\0001\000\040\000C\000X\000X\0001\0001\000C\000O\000N\000S\000T\000E\000X\000P\000R}{subsection.7.2.2}% 21
\BOOKMARK [3][-]{subsubsection.7.2.2.2}{\376\377\0007\000.\0002\000.\0002\000.\0002\000\040\000C\000X\000X\0001\0001\000F\000I\000N\000A\000L}{subsection.7.2.2}% 22
\BOOKMARK [3][-]{subsubsection.7.2.2.3}{\376\377\0007\000.\0002\000.\0002\000.\0003\000\040\000C\000X\000X\0001\0001\000F\000U\000N\000C\000D\000E\000F\000A\000U\000L\000T}{subsection.7.2.2}% 23
\BOOKMARK [3][-]{subsubsection.7.2.2.4}{\376\377\0007\000.\0002\000.\0002\000.\0004\000\040\000C\000X\000X\0001\0001\000F\000U\000N\000C\000D\000E\000L\000E\000T\000E}{subsection.7.2.2}% 24
\BOOKMARK [3][-]{subsubsection.7.2.2.5}{\376\377\0007\000.\0002\000.\0002\000.\0005\000\040\000C\000X\000X\0001\0001\000N\000O\000E\000X\000C\000E\000P\000T}{subsection.7.2.2}% 25
\BOOKMARK [3][-]{subsubsection.7.2.2.6}{\376\377\0007\000.\0002\000.\0002\000.\0006\000\040\000C\000X\000X\0001\0001\000N\000U\000L\000L\000P\000T\000R}{subsection.7.2.2}% 26
\BOOKMARK [3][-]{subsubsection.7.2.2.7}{\376\377\0007\000.\0002\000.\0002\000.\0007\000\040\000C\000X\000X\0001\0001\000O\000V\000E\000R\000R\000I\000D\000E}{subsection.7.2.2}% 27
\BOOKMARK [3][-]{subsubsection.7.2.2.8}{\376\377\0007\000.\0002\000.\0002\000.\0008\000\040\000C\000X\000X\0001\0001\000S\000T\000A\000T\000I\000C\000A\000S\000S\000E\000R\000T}{subsection.7.2.2}% 28
\BOOKMARK [1][-]{section.7.3}{\376\377\0007\000.\0003\000\040\000E\000r\000r\000o\000r\000\040\000c\000o\000d\000e\000s\000,\000\040\000m\000e\000s\000s\000a\000g\000e\000s\000,\000\040\000a\000n\000d\000\040\000s\000t\000a\000c\000k\000t\000r\000a\000c\000e\000s}{chapter.7}% 29
\BOOKMARK [2][-]{subsection.7.3.1}{\376\377\0007\000.\0003\000.\0001\000\040\000D\000e\000t\000a\000i\000l\000e\000d\000\040\000D\000e\000s\000c\000r\000i\000p\000t\000i\000o\000n}{section.7.3}% 30
\BOOKMARK [2][-]{subsection.7.3.2}{\376\377\0007\000.\0003\000.\0002\000\040\000M\000a\000c\000r\000o\000\040\000D\000e\000f\000i\000n\000i\000t\000i\000o\000n\000\040\000D\000o\000c\000u\000m\000e\000n\000t\000a\000t\000i\000o\000n}{section.7.3}% 31
\BOOKMARK [3][-]{subsubsection.7.3.2.1}{\376\377\0007\000.\0003\000.\0002\000.\0001\000\040\000C\000H\000E\000C\000K\000E\000R\000R\000O\000R}{subsection.7.3.2}% 32
\BOOKMARK [3][-]{subsubsection.7.3.2.2}{\376\377\0007\000.\0003\000.\0002\000.\0002\000\040\000C\000H\000E\000C\000K\000E\000R\000R\000O\000R\000C\000O\000D\000E}{subsection.7.3.2}% 33
\BOOKMARK [3][-]{subsubsection.7.3.2.3}{\376\377\0007\000.\0003\000.\0002\000.\0003\000\040\000C\000H\000E\000C\000K\000E\000R\000R\000O\000R\000C\000O\000D\000E\0002}{subsection.7.3.2}% 34
\BOOKMARK [3][-]{subsubsection.7.3.2.4}{\376\377\0007\000.\0003\000.\0002\000.\0004\000\040\000C\000H\000E\000C\000K\000E\000R\000R\000O\000R\000M\000S\000G}{subsection.7.3.2}% 35
\BOOKMARK [3][-]{subsubsection.7.3.2.5}{\376\377\0007\000.\0003\000.\0002\000.\0005\000\040\000C\000H\000E\000C\000K\000O\000U\000T\000O\000F\000M\000E\000M\000O\000R\000Y}{subsection.7.3.2}% 36
\BOOKMARK [3][-]{subsubsection.7.3.2.6}{\376\377\0007\000.\0003\000.\0002\000.\0006\000\040\000C\000O\000E\000R\000C\000E\000E\000R\000R\000O\000R}{subsection.7.3.2}% 37
\BOOKMARK [3][-]{subsubsection.7.3.2.7}{\376\377\0007\000.\0003\000.\0002\000.\0007\000\040\000C\000O\000E\000R\000C\000E\000E\000R\000R\000O\000R\000C\000O\000D\000E}{subsection.7.3.2}% 38
\BOOKMARK [3][-]{subsubsection.7.3.2.8}{\376\377\0007\000.\0003\000.\0002\000.\0008\000\040\000E\000R\000R\000O\000R\000S\000T\000A\000C\000K}{subsection.7.3.2}% 39
\BOOKMARK [3][-]{subsubsection.7.3.2.9}{\376\377\0007\000.\0003\000.\0002\000.\0009\000\040\000E\000R\000R\000O\000R\000S\000T\000A\000C\000K\000M\000S\000G}{subsection.7.3.2}% 40
\BOOKMARK [3][-]{subsubsection.7.3.2.10}{\376\377\0007\000.\0003\000.\0002\000.\0001\0000\000\040\000U\000N\000W\000R\000A\000P\000E\000R\000R\000O\000R\000S\000T\000A\000C\000K}{subsection.7.3.2}% 41
\BOOKMARK [3][-]{subsubsection.7.3.2.11}{\376\377\0007\000.\0003\000.\0002\000.\0001\0001\000\040\000W\000R\000A\000P\000E\000R\000R\000O\000R\000C\000O\000D\000E}{subsection.7.3.2}% 42
\BOOKMARK [2][-]{subsection.7.3.3}{\376\377\0007\000.\0003\000.\0003\000\040\000E\000n\000u\000m\000e\000r\000a\000t\000i\000o\000n\000\040\000T\000y\000p\000e\000\040\000D\000o\000c\000u\000m\000e\000n\000t\000a\000t\000i\000o\000n}{section.7.3}% 43
\BOOKMARK [3][-]{subsubsection.7.3.3.1}{\376\377\0007\000.\0003\000.\0003\000.\0001\000\040\000E\000r\000r\000o\000r\000C\000o\000d\000e}{subsection.7.3.3}% 44
\BOOKMARK [2][-]{subsection.7.3.4}{\376\377\0007\000.\0003\000.\0004\000\040\000V\000a\000r\000i\000a\000b\000l\000e\000\040\000D\000o\000c\000u\000m\000e\000n\000t\000a\000t\000i\000o\000n}{section.7.3}% 45
\BOOKMARK [3][-]{subsubsection.7.3.4.1}{\376\377\0007\000.\0003\000.\0004\000.\0001\000\040\000k\000R\000e\000t\000O\000k}{subsection.7.3.4}% 46
\BOOKMARK [1][-]{section.7.4}{\376\377\0007\000.\0004\000\040\000S\000m\000a\000r\000t\000\040\000P\000o\000i\000n\000t\000e\000r\000s}{chapter.7}% 47
\BOOKMARK [2][-]{subsection.7.4.1}{\376\377\0007\000.\0004\000.\0001\000\040\000D\000e\000t\000a\000i\000l\000e\000d\000\040\000D\000e\000s\000c\000r\000i\000p\000t\000i\000o\000n}{section.7.4}% 48
\BOOKMARK [0][-]{chapter.8}{\376\377\0008\000\040\000C\000l\000a\000s\000s\000\040\000D\000o\000c\000u\000m\000e\000n\000t\000a\000t\000i\000o\000n}{}% 49
\BOOKMARK [1][-]{section.8.1}{\376\377\0008\000.\0001\000\040\000a\000l\000p\000s\000:\000:\000A\000d\000d\000r\000e\000s\000s\000S\000p\000a\000c\000e\000\040\000C\000l\000a\000s\000s\000\040\000R\000e\000f\000e\000r\000e\000n\000c\000e}{chapter.8}% 50
\BOOKMARK [2][-]{subsection.8.1.1}{\376\377\0008\000.\0001\000.\0001\000\040\000D\000e\000t\000a\000i\000l\000e\000d\000\040\000D\000e\000s\000c\000r\000i\000p\000t\000i\000o\000n}{section.8.1}% 51
\BOOKMARK [2][-]{subsection.8.1.2}{\376\377\0008\000.\0001\000.\0002\000\040\000M\000e\000m\000b\000e\000r\000\040\000F\000u\000n\000c\000t\000i\000o\000n\000\040\000D\000o\000c\000u\000m\000e\000n\000t\000a\000t\000i\000o\000n}{section.8.1}% 52
\BOOKMARK [3][-]{subsubsection.8.1.2.1}{\376\377\0008\000.\0001\000.\0002\000.\0001\000\040\000b\000i\000n\000d\000\050\000R\000e\000g\000i\000o\000n\000T\000\040\000*\000r\000e\000g\000i\000o\000n\000,\000\040\000R\000e\000g\000i\000o\000n\000I\000d\000\040\000r\000e\000g\000i\000o\000n\000i\000d\000\051}{subsection.8.1.2}% 53
\BOOKMARK [3][-]{subsubsection.8.1.2.2}{\376\377\0008\000.\0001\000.\0002\000.\0002\000\040\000m\000a\000p\000\050\000R\000e\000g\000i\000o\000n\000F\000i\000l\000e\000\040\000*\000r\000e\000g\000i\000o\000n\000f\000i\000l\000e\000,\000\040\000R\000e\000g\000i\000o\000n\000T\000\040\000*\000*\000p\000r\000e\000g\000i\000o\000n\000\051}{subsection.8.1.2}% 54
\BOOKMARK [3][-]{subsubsection.8.1.2.3}{\376\377\0008\000.\0001\000.\0002\000.\0003\000\040\000r\000e\000g\000i\000o\000n\000\050\000R\000e\000g\000i\000o\000n\000I\000d\000\040\000r\000e\000g\000i\000o\000n\000i\000d\000\051}{subsection.8.1.2}% 55
\BOOKMARK [3][-]{subsubsection.8.1.2.4}{\376\377\0008\000.\0001\000.\0002\000.\0004\000\040\000r\000t\000r\000a\000n\000s\000\050\000v\000o\000i\000d\000\040\000*\000v\000a\000d\000d\000r\000,\000\040\000R\000e\000g\000i\000o\000n\000\040\000*\000*\000p\000r\000e\000g\000i\000o\000n\000,\000\040\000L\000i\000n\000e\000a\000r\000A\000d\000d\000r\000\040\000*\000o\000f\000f\000s\000e\000t\000\051}{subsection.8.1.2}% 56
\BOOKMARK [3][-]{subsubsection.8.1.2.5}{\376\377\0008\000.\0001\000.\0002\000.\0005\000\040\000u\000n\000m\000a\000p\000\050\000R\000e\000g\000i\000o\000n\000T\000\040\000*\000r\000e\000g\000i\000o\000n\000\051}{subsection.8.1.2}% 57
\BOOKMARK [1][-]{section.8.2}{\376\377\0008\000.\0002\000\040\000a\000l\000p\000s\000:\000:\000A\000d\000d\000r\000e\000s\000s\000S\000p\000a\000c\000e\000O\000p\000t\000i\000o\000n\000s\000\040\000S\000t\000r\000u\000c\000t\000\040\000R\000e\000f\000e\000r\000e\000n\000c\000e}{chapter.8}% 58
\BOOKMARK [2][-]{subsection.8.2.1}{\376\377\0008\000.\0002\000.\0001\000\040\000C\000o\000n\000s\000t\000r\000u\000c\000t\000o\000r\000\040\000\046\000\040\000D\000e\000s\000t\000r\000u\000c\000t\000o\000r\000\040\000D\000o\000c\000u\000m\000e\000n\000t\000a\000t\000i\000o\000n}{section.8.2}% 59
\BOOKMARK [3][-]{subsubsection.8.2.1.1}{\376\377\0008\000.\0002\000.\0001\000.\0001\000\040\000A\000d\000d\000r\000e\000s\000s\000S\000p\000a\000c\000e\000O\000p\000t\000i\000o\000n\000s\000\050\000\051}{subsection.8.2.1}% 60
\BOOKMARK [1][-]{section.8.3}{\376\377\0008\000.\0003\000\040\000a\000l\000p\000s\000:\000:\000B\000a\000c\000k\000t\000r\000a\000c\000e\000C\000o\000n\000t\000e\000x\000t\000\040\000S\000t\000r\000u\000c\000t\000\040\000R\000e\000f\000e\000r\000e\000n\000c\000e}{chapter.8}% 61
\BOOKMARK [1][-]{section.8.4}{\376\377\0008\000.\0004\000\040\000a\000l\000p\000s\000:\000:\000B\000a\000s\000e\000R\000e\000l\000a\000t\000i\000v\000e\000P\000o\000i\000n\000t\000e\000r\000\040\000C\000l\000a\000s\000s\000\040\000R\000e\000f\000e\000r\000e\000n\000c\000e}{chapter.8}% 62
\BOOKMARK [1][-]{section.8.5}{\376\377\0008\000.\0005\000\040\000a\000l\000p\000s\000:\000:\000C\000o\000m\000m\000a\000n\000d\000O\000p\000t\000i\000o\000n\000\040\000S\000t\000r\000u\000c\000t\000\040\000R\000e\000f\000e\000r\000e\000n\000c\000e}{chapter.8}% 63
\BOOKMARK [1][-]{section.8.6}{\376\377\0008\000.\0006\000\040\000a\000l\000p\000s\000:\000:\000C\000o\000m\000m\000a\000n\000d\000O\000p\000t\000i\000o\000n\000T\000<\000\040\000T\000\040\000>\000\040\000S\000t\000r\000u\000c\000t\000\040\000T\000e\000m\000p\000l\000a\000t\000e\000\040\000R\000e\000f\000e\000r\000e\000n\000c\000e}{chapter.8}% 64
\BOOKMARK [1][-]{section.8.7}{\376\377\0008\000.\0007\000\040\000a\000l\000p\000s\000:\000:\000D\000e\000b\000u\000g\000O\000p\000t\000i\000o\000n\000s\000\040\000S\000t\000r\000u\000c\000t\000\040\000R\000e\000f\000e\000r\000e\000n\000c\000e}{chapter.8}% 65
\BOOKMARK [2][-]{subsection.8.7.1}{\376\377\0008\000.\0007\000.\0001\000\040\000C\000o\000n\000s\000t\000r\000u\000c\000t\000o\000r\000\040\000\046\000\040\000D\000e\000s\000t\000r\000u\000c\000t\000o\000r\000\040\000D\000o\000c\000u\000m\000e\000n\000t\000a\000t\000i\000o\000n}{section.8.7}% 66
\BOOKMARK [3][-]{subsubsection.8.7.1.1}{\376\377\0008\000.\0007\000.\0001\000.\0001\000\040\000D\000e\000b\000u\000g\000O\000p\000t\000i\000o\000n\000s\000\050\000\051}{subsection.8.7.1}% 67
\BOOKMARK [2][-]{subsection.8.7.2}{\376\377\0008\000.\0007\000.\0002\000\040\000M\000e\000m\000b\000e\000r\000\040\000D\000a\000t\000a\000\040\000D\000o\000c\000u\000m\000e\000n\000t\000a\000t\000i\000o\000n}{section.8.7}% 68
\BOOKMARK [3][-]{subsubsection.8.7.2.1}{\376\377\0008\000.\0007\000.\0002\000.\0001\000\040\000l\000o\000g\000f\000i\000l\000e\000n\000a\000m\000e}{subsection.8.7.2}% 69
\BOOKMARK [3][-]{subsubsection.8.7.2.2}{\376\377\0008\000.\0007\000.\0002\000.\0002\000\040\000l\000o\000g\000l\000e\000v\000e\000l}{subsection.8.7.2}% 70
\BOOKMARK [1][-]{section.8.8}{\376\377\0008\000.\0008\000\040\000a\000l\000p\000s\000:\000:\000E\000r\000r\000o\000r\000S\000t\000a\000c\000k\000\040\000C\000l\000a\000s\000s\000\040\000R\000e\000f\000e\000r\000e\000n\000c\000e}{chapter.8}% 71
\BOOKMARK [2][-]{subsection.8.8.1}{\376\377\0008\000.\0008\000.\0001\000\040\000D\000e\000t\000a\000i\000l\000e\000d\000\040\000D\000e\000s\000c\000r\000i\000p\000t\000i\000o\000n}{section.8.8}% 72
\BOOKMARK [2][-]{subsection.8.8.2}{\376\377\0008\000.\0008\000.\0002\000\040\000M\000e\000m\000b\000e\000r\000\040\000E\000n\000u\000m\000e\000r\000a\000t\000i\000o\000n\000\040\000D\000o\000c\000u\000m\000e\000n\000t\000a\000t\000i\000o\000n}{section.8.8}% 73
\BOOKMARK [3][-]{subsubsection.8.8.2.1}{\376\377\0008\000.\0008\000.\0002\000.\0001\000\040\000C\000o\000n\000s\000t\000a\000n\000t\000s}{subsection.8.8.2}% 74
\BOOKMARK [2][-]{subsection.8.8.3}{\376\377\0008\000.\0008\000.\0003\000\040\000C\000o\000n\000s\000t\000r\000u\000c\000t\000o\000r\000\040\000\046\000\040\000D\000e\000s\000t\000r\000u\000c\000t\000o\000r\000\040\000D\000o\000c\000u\000m\000e\000n\000t\000a\000t\000i\000o\000n}{section.8.8}% 75
\BOOKMARK [3][-]{subsubsection.8.8.3.1}{\376\377\0008\000.\0008\000.\0003\000.\0001\000\040\000E\000r\000r\000o\000r\000S\000t\000a\000c\000k\000\050\000\051}{subsection.8.8.3}% 76
\BOOKMARK [3][-]{subsubsection.8.8.3.2}{\376\377\0008\000.\0008\000.\0003\000.\0002\000\040\000E\000r\000r\000o\000r\000S\000t\000a\000c\000k\000\050\000E\000r\000r\000o\000r\000C\000o\000d\000e\000\040\000c\000o\000d\000e\000\051}{subsection.8.8.3}% 77
\BOOKMARK [3][-]{subsubsection.8.8.3.3}{\376\377\0008\000.\0008\000.\0003\000.\0003\000\040\000E\000r\000r\000o\000r\000S\000t\000a\000c\000k\000\050\000c\000o\000n\000s\000t\000\040\000c\000h\000a\000r\000\040\000*\000f\000i\000l\000e\000n\000a\000m\000e\000,\000\040\000c\000o\000n\000s\000t\000\040\000c\000h\000a\000r\000\040\000*\000f\000u\000n\000c\000,\000\040\000u\000i\000n\000t\0003\0002\000t\000\040\000l\000i\000n\000e\000n\000u\000m\000,\000\040\000E\000r\000r\000o\000r\000C\000o\000d\000e\000\040\000c\000o\000d\000e\000,\000\040\000c\000o\000n\000s\000t\000\040\000c\000h\000a\000r\000\040\000*\000c\000u\000s\000t\000o\000m\000m\000e\000s\000s\000a\000g\000e\000=\000C\000X\000X\0001\0001\000N\000U\000L\000L\000P\000T\000R\000\051}{subsection.8.8.3}% 78
\BOOKMARK [3][-]{subsubsection.8.8.3.4}{\376\377\0008\000.\0008\000.\0003\000.\0004\000\040\000E\000r\000r\000o\000r\000S\000t\000a\000c\000k\000\050\000c\000o\000n\000s\000t\000\040\000E\000r\000r\000o\000r\000S\000t\000a\000c\000k\000\040\000o\000t\000h\000e\000r\000\051}{subsection.8.8.3}% 79
\BOOKMARK [3][-]{subsubsection.8.8.3.5}{\376\377\0008\000.\0008\000.\0003\000.\0005\000\040\000E\000r\000r\000o\000r\000S\000t\000a\000c\000k\000\050\000c\000o\000n\000s\000t\000\040\000E\000r\000r\000o\000r\000S\000t\000a\000c\000k\000\040\000o\000t\000h\000e\000r\000,\000\040\000c\000o\000n\000s\000t\000\040\000c\000h\000a\000r\000\040\000*\000f\000i\000l\000e\000n\000a\000m\000e\000,\000\040\000c\000o\000n\000s\000t\000\040\000c\000h\000a\000r\000\040\000*\000f\000u\000n\000c\000,\000\040\000u\000i\000n\000t\0003\0002\000t\000\040\000l\000i\000n\000e\000n\000u\000m\000,\000\040\000c\000o\000n\000s\000t\000\040\000c\000h\000a\000r\000\040\000*\000m\000o\000r\000e\000c\000u\000s\000t\000o\000m\000m\000e\000s\000s\000a\000g\000e\000=\000C\000X\000X\0001\0001\000N\000U\000L\000L\000P\000T\000R\000\051}{subsection.8.8.3}% 80
\BOOKMARK [3][-]{subsubsection.8.8.3.6}{\376\377\0008\000.\0008\000.\0003\000.\0006\000\040\000\040\000E\000r\000r\000o\000r\000S\000t\000a\000c\000k\000\050\000\051}{subsection.8.8.3}% 81
\BOOKMARK [2][-]{subsection.8.8.4}{\376\377\0008\000.\0008\000.\0004\000\040\000M\000e\000m\000b\000e\000r\000\040\000F\000u\000n\000c\000t\000i\000o\000n\000\040\000D\000o\000c\000u\000m\000e\000n\000t\000a\000t\000i\000o\000n}{section.8.8}% 82
\BOOKMARK [3][-]{subsubsection.8.8.4.1}{\376\377\0008\000.\0008\000.\0004\000.\0001\000\040\000a\000p\000p\000e\000n\000d\000c\000u\000s\000t\000o\000m\000m\000e\000s\000s\000a\000g\000e\000\050\000c\000o\000n\000s\000t\000\040\000c\000h\000a\000r\000\040\000*\000m\000o\000r\000e\000c\000u\000s\000t\000o\000m\000m\000e\000s\000s\000a\000g\000e\000\051}{subsection.8.8.4}% 83
\BOOKMARK [3][-]{subsubsection.8.8.4.2}{\376\377\0008\000.\0008\000.\0004\000.\0002\000\040\000c\000l\000e\000a\000r\000c\000u\000s\000t\000o\000m\000m\000e\000s\000s\000a\000g\000e\000\050\000\051}{subsection.8.8.4}% 84
\BOOKMARK [3][-]{subsubsection.8.8.4.3}{\376\377\0008\000.\0008\000.\0004\000.\0003\000\040\000c\000o\000p\000y\000c\000u\000s\000t\000o\000m\000m\000e\000s\000s\000a\000g\000e\000\050\000c\000o\000n\000s\000t\000\040\000c\000h\000a\000r\000\040\000*\000m\000e\000s\000s\000a\000g\000e\000\051}{subsection.8.8.4}% 85
\BOOKMARK [3][-]{subsubsection.8.8.4.4}{\376\377\0008\000.\0008\000.\0004\000.\0004\000\040\000d\000u\000m\000p\000a\000n\000d\000a\000b\000o\000r\000t\000\050\000c\000o\000n\000s\000t\000\040\000c\000h\000a\000r\000\040\000*\000a\000b\000o\000r\000t\000m\000e\000s\000s\000a\000g\000e\000\051\000\040\000c\000o\000n\000s\000t\000\040}{subsection.8.8.4}% 86
\BOOKMARK [3][-]{subsubsection.8.8.4.5}{\376\377\0008\000.\0008\000.\0004\000.\0005\000\040\000g\000e\000t\000c\000u\000s\000t\000o\000m\000m\000e\000s\000s\000a\000g\000e\000\050\000\051\000\040\000c\000o\000n\000s\000t\000\040}{subsection.8.8.4}% 87
\BOOKMARK [3][-]{subsubsection.8.8.4.6}{\376\377\0008\000.\0008\000.\0004\000.\0006\000\040\000g\000e\000t\000e\000r\000r\000o\000r\000c\000o\000d\000e\000\050\000\051\000\040\000c\000o\000n\000s\000t\000\040}{subsection.8.8.4}% 88
\BOOKMARK [3][-]{subsubsection.8.8.4.7}{\376\377\0008\000.\0008\000.\0004\000.\0007\000\040\000g\000e\000t\000f\000i\000l\000e\000n\000a\000m\000e\000\050\000u\000i\000n\000t\0001\0006\000t\000\040\000s\000t\000a\000c\000k\000i\000n\000d\000e\000x\000\051\000\040\000c\000o\000n\000s\000t\000\040}{subsection.8.8.4}% 89
\BOOKMARK [3][-]{subsubsection.8.8.4.8}{\376\377\0008\000.\0008\000.\0004\000.\0008\000\040\000g\000e\000t\000f\000u\000n\000c\000\050\000u\000i\000n\000t\0001\0006\000t\000\040\000s\000t\000a\000c\000k\000i\000n\000d\000e\000x\000\051\000\040\000c\000o\000n\000s\000t\000\040}{subsection.8.8.4}% 90
\BOOKMARK [3][-]{subsubsection.8.8.4.9}{\376\377\0008\000.\0008\000.\0004\000.\0009\000\040\000g\000e\000t\000l\000i\000n\000e\000n\000u\000m\000\050\000u\000i\000n\000t\0001\0006\000t\000\040\000s\000t\000a\000c\000k\000i\000n\000d\000e\000x\000\051\000\040\000c\000o\000n\000s\000t\000\040}{subsection.8.8.4}% 91
\BOOKMARK [3][-]{subsubsection.8.8.4.10}{\376\377\0008\000.\0008\000.\0004\000.\0001\0000\000\040\000g\000e\000t\000m\000e\000s\000s\000a\000g\000e\000\050\000\051\000\040\000c\000o\000n\000s\000t\000\040}{subsection.8.8.4}% 92
\BOOKMARK [3][-]{subsubsection.8.8.4.11}{\376\377\0008\000.\0008\000.\0004\000.\0001\0001\000\040\000g\000e\000t\000o\000s\000e\000r\000r\000n\000o\000\050\000\051\000\040\000c\000o\000n\000s\000t\000\040}{subsection.8.8.4}% 93
\BOOKMARK [3][-]{subsubsection.8.8.4.12}{\376\377\0008\000.\0008\000.\0004\000.\0001\0002\000\040\000g\000e\000t\000r\000e\000c\000e\000n\000t\000d\000u\000m\000p\000a\000n\000d\000a\000b\000o\000r\000t\000\050\000\051}{subsection.8.8.4}% 94
\BOOKMARK [3][-]{subsubsection.8.8.4.13}{\376\377\0008\000.\0008\000.\0004\000.\0001\0003\000\040\000g\000e\000t\000s\000t\000a\000c\000k\000d\000e\000p\000t\000h\000\050\000\051\000\040\000c\000o\000n\000s\000t\000\040}{subsection.8.8.4}% 95
\BOOKMARK [3][-]{subsubsection.8.8.4.14}{\376\377\0008\000.\0008\000.\0004\000.\0001\0004\000\040\000i\000s\000e\000r\000r\000o\000r\000\050\000\051\000\040\000c\000o\000n\000s\000t\000\040}{subsection.8.8.4}% 96
\BOOKMARK [3][-]{subsubsection.8.8.4.15}{\376\377\0008\000.\0008\000.\0004\000.\0001\0005\000\040\000o\000p\000e\000r\000a\000t\000o\000r\000=\000\050\000c\000o\000n\000s\000t\000\040\000E\000r\000r\000o\000r\000S\000t\000a\000c\000k\000\040\000o\000t\000h\000e\000r\000\051}{subsection.8.8.4}% 97
\BOOKMARK [3][-]{subsubsection.8.8.4.16}{\376\377\0008\000.\0008\000.\0004\000.\0001\0006\000\040\000o\000u\000t\000p\000u\000t\000\050\000s\000t\000d\000:\000:\000o\000s\000t\000r\000e\000a\000m\000\040\000*\000p\000t\000r\000\051\000\040\000c\000o\000n\000s\000t\000\040}{subsection.8.8.4}% 98
\BOOKMARK [3][-]{subsubsection.8.8.4.17}{\376\377\0008\000.\0008\000.\0004\000.\0001\0007\000\040\000v\000e\000r\000i\000f\000y\000\050\000\051\000\040\000c\000o\000n\000s\000t\000\040}{subsection.8.8.4}% 99
\BOOKMARK [1][-]{section.8.9}{\376\377\0008\000.\0009\000\040\000a\000l\000p\000s\000:\000:\000E\000x\000t\000e\000r\000n\000a\000l\000i\000z\000a\000b\000l\000e\000\040\000S\000t\000r\000u\000c\000t\000\040\000R\000e\000f\000e\000r\000e\000n\000c\000e}{chapter.8}% 100
\BOOKMARK [2][-]{subsection.8.9.1}{\376\377\0008\000.\0009\000.\0001\000\040\000D\000e\000t\000a\000i\000l\000e\000d\000\040\000D\000e\000s\000c\000r\000i\000p\000t\000i\000o\000n}{section.8.9}% 101
\BOOKMARK [2][-]{subsection.8.9.2}{\376\377\0008\000.\0009\000.\0002\000\040\000M\000e\000m\000b\000e\000r\000\040\000F\000u\000n\000c\000t\000i\000o\000n\000\040\000D\000o\000c\000u\000m\000e\000n\000t\000a\000t\000i\000o\000n}{section.8.9}% 102
\BOOKMARK [3][-]{subsubsection.8.9.2.1}{\376\377\0008\000.\0009\000.\0002\000.\0001\000\040\000a\000d\000d\000c\000h\000i\000l\000d\000e\000l\000e\000m\000e\000n\000t\000\050\000Y\000A\000M\000L\000:\000:\000N\000o\000d\000e\000\040\000*\000p\000a\000r\000e\000n\000t\000,\000\040\000c\000o\000n\000s\000t\000\040\000s\000t\000d\000:\000:\000s\000t\000r\000i\000n\000g\000\040\000t\000a\000g\000,\000\040\000c\000o\000n\000s\000t\000\040\000s\000t\000d\000:\000:\000s\000t\000r\000i\000n\000g\000\040\000c\000o\000m\000m\000e\000n\000t\000,\000\040\000c\000o\000n\000s\000t\000\040\000E\000x\000t\000e\000r\000n\000a\000l\000i\000z\000a\000b\000l\000e\000\040\000c\000h\000i\000l\000d\000\051}{subsection.8.9.2}% 103
\BOOKMARK [3][-]{subsubsection.8.9.2.2}{\376\377\0008\000.\0009\000.\0002\000.\0002\000\040\000a\000d\000d\000e\000l\000e\000m\000e\000n\000t\000\050\000Y\000A\000M\000L\000:\000:\000E\000m\000i\000t\000t\000e\000r\000\040\000*\000o\000u\000t\000,\000\040\000c\000o\000n\000s\000t\000\040\000s\000t\000d\000:\000:\000s\000t\000r\000i\000n\000g\000\040\000t\000a\000g\000,\000\040\000c\000o\000n\000s\000t\000\040\000s\000t\000d\000:\000:\000s\000t\000r\000i\000n\000g\000\040\000c\000o\000m\000m\000e\000n\000t\000,\000\040\000T\000\040\000v\000a\000l\000u\000e\000,\000\040\000b\000o\000o\000l\000\040\000s\000e\000q\000=\000f\000a\000l\000s\000e\000\051}{subsection.8.9.2}% 104
\BOOKMARK [3][-]{subsubsection.8.9.2.3}{\376\377\0008\000.\0009\000.\0002\000.\0003\000\040\000a\000d\000d\000e\000l\000e\000m\000e\000n\000t\000\050\000Y\000A\000M\000L\000:\000:\000E\000m\000i\000t\000t\000e\000r\000\040\000*\000o\000u\000t\000,\000\040\000c\000o\000n\000s\000t\000\040\000s\000t\000d\000:\000:\000s\000t\000r\000i\000n\000g\000\040\000t\000a\000g\000,\000\040\000c\000o\000n\000s\000t\000\040\000s\000t\000d\000:\000:\000s\000t\000r\000i\000n\000g\000\040\000c\000o\000m\000m\000e\000n\000t\000,\000\040\000c\000o\000n\000s\000t\000\040\000s\000t\000d\000:\000:\000v\000e\000c\000t\000o\000r\000<\000\040\000T\000\040\000>\000\040\000v\000a\000l\000u\000e\000,\000\040\000b\000o\000o\000l\000\040\000s\000e\000q\000=\000t\000r\000u\000e\000\051}{subsection.8.9.2}% 105
\BOOKMARK [3][-]{subsubsection.8.9.2.4}{\376\377\0008\000.\0009\000.\0002\000.\0004\000\040\000a\000d\000d\000e\000n\000u\000m\000e\000l\000e\000m\000e\000n\000t\000\050\000Y\000A\000M\000L\000:\000:\000E\000m\000i\000t\000t\000e\000r\000\040\000*\000o\000u\000t\000,\000\040\000c\000o\000n\000s\000t\000\040\000s\000t\000d\000:\000:\000s\000t\000r\000i\000n\000g\000\040\000t\000a\000g\000,\000\040\000c\000o\000n\000s\000t\000\040\000s\000t\000d\000:\000:\000s\000t\000r\000i\000n\000g\000\040\000c\000o\000m\000m\000e\000n\000t\000,\000\040\000E\000N\000U\000M\000\040\000v\000a\000l\000u\000e\000\051}{subsection.8.9.2}% 106
\BOOKMARK [3][-]{subsubsection.8.9.2.5}{\376\377\0008\000.\0009\000.\0002\000.\0005\000\040\000a\000s\000s\000i\000g\000n\000\050\000c\000o\000n\000s\000t\000\040\000a\000l\000p\000s\000:\000:\000E\000x\000t\000e\000r\000n\000a\000l\000i\000z\000a\000b\000l\000e\000\040\000*\000o\000t\000h\000e\000r\000\051\000=\0000}{subsection.8.9.2}% 107
\BOOKMARK [3][-]{subsubsection.8.9.2.6}{\376\377\0008\000.\0009\000.\0002\000.\0006\000\040\000g\000e\000t\000c\000h\000i\000l\000d\000e\000l\000e\000m\000e\000n\000t\000\050\000Y\000A\000M\000L\000:\000:\000N\000o\000d\000e\000\040\000*\000p\000a\000r\000e\000n\000t\000,\000\040\000c\000o\000n\000s\000t\000\040\000s\000t\000d\000:\000:\000s\000t\000r\000i\000n\000g\000\040\000t\000a\000g\000,\000\040\000E\000x\000t\000e\000r\000n\000a\000l\000i\000z\000a\000b\000l\000e\000\040\000*\000c\000h\000i\000l\000d\000,\000\040\000b\000o\000o\000l\000\040\000i\000g\000n\000o\000r\000e\000m\000i\000s\000s\000i\000n\000g\000=\000f\000a\000l\000s\000e\000,\000\040\000b\000o\000o\000l\000\040\000o\000p\000t\000i\000o\000n\000a\000l\000=\000f\000a\000l\000s\000e\000\051}{subsection.8.9.2}% 108
\BOOKMARK [3][-]{subsubsection.8.9.2.7}{\376\377\0008\000.\0009\000.\0002\000.\0007\000\040\000g\000e\000t\000e\000l\000e\000m\000e\000n\000t\000\050\000Y\000A\000M\000L\000:\000:\000N\000o\000d\000e\000\040\000*\000p\000a\000r\000e\000n\000t\000,\000\040\000c\000o\000n\000s\000t\000\040\000s\000t\000d\000:\000:\000s\000t\000r\000i\000n\000g\000\040\000t\000a\000g\000,\000\040\000T\000\040\000*\000o\000u\000t\000,\000\040\000b\000o\000o\000l\000\040\000i\000g\000n\000o\000r\000e\000m\000i\000s\000s\000i\000n\000g\000=\000f\000a\000l\000s\000e\000,\000\040\000b\000o\000o\000l\000\040\000o\000p\000t\000i\000o\000n\000a\000l\000=\000f\000a\000l\000s\000e\000,\000\040\000T\000\040\000v\000a\000l\000u\000e\000=\0000\000\051}{subsection.8.9.2}% 109
\BOOKMARK [3][-]{subsubsection.8.9.2.8}{\376\377\0008\000.\0009\000.\0002\000.\0008\000\040\000g\000e\000t\000e\000l\000e\000m\000e\000n\000t\000\050\000Y\000A\000M\000L\000:\000:\000N\000o\000d\000e\000\040\000*\000p\000a\000r\000e\000n\000t\000,\000\040\000c\000o\000n\000s\000t\000\040\000s\000t\000d\000:\000:\000s\000t\000r\000i\000n\000g\000\040\000t\000a\000g\000,\000\040\000s\000t\000d\000:\000:\000s\000t\000r\000i\000n\000g\000\040\000*\000o\000u\000t\000,\000\040\000b\000o\000o\000l\000\040\000i\000g\000n\000o\000r\000e\000m\000i\000s\000s\000i\000n\000g\000=\000f\000a\000l\000s\000e\000,\000\040\000b\000o\000o\000l\000\040\000o\000p\000t\000i\000o\000n\000a\000l\000=\000f\000a\000l\000s\000e\000,\000\040\000c\000o\000n\000s\000t\000\040\000c\000h\000a\000r\000\040\000*\000v\000a\000l\000u\000e\000=\000"\000"\000\051}{subsection.8.9.2}% 110
\BOOKMARK [3][-]{subsubsection.8.9.2.9}{\376\377\0008\000.\0009\000.\0002\000.\0009\000\040\000g\000e\000t\000e\000l\000e\000m\000e\000n\000t\000\050\000Y\000A\000M\000L\000:\000:\000N\000o\000d\000e\000\040\000*\000p\000a\000r\000e\000n\000t\000,\000\040\000c\000o\000n\000s\000t\000\040\000s\000t\000d\000:\000:\000s\000t\000r\000i\000n\000g\000\040\000t\000a\000g\000,\000\040\000s\000t\000d\000:\000:\000v\000e\000c\000t\000o\000r\000<\000\040\000T\000\040\000>\000\040\000*\000o\000u\000t\000,\000\040\000b\000o\000o\000l\000\040\000i\000g\000n\000o\000r\000e\000m\000i\000s\000s\000i\000n\000g\000=\000f\000a\000l\000s\000e\000,\000\040\000b\000o\000o\000l\000\040\000o\000p\000t\000i\000o\000n\000a\000l\000=\000f\000a\000l\000s\000e\000\051}{subsection.8.9.2}% 111
\BOOKMARK [3][-]{subsubsection.8.9.2.10}{\376\377\0008\000.\0009\000.\0002\000.\0001\0000\000\040\000g\000e\000t\000e\000n\000u\000m\000e\000l\000e\000m\000e\000n\000t\000\050\000Y\000A\000M\000L\000:\000:\000N\000o\000d\000e\000\040\000*\000p\000a\000r\000e\000n\000t\000,\000\040\000c\000o\000n\000s\000t\000\040\000s\000t\000d\000:\000:\000s\000t\000r\000i\000n\000g\000\040\000t\000a\000g\000,\000\040\000E\000N\000U\000M\000\040\000*\000o\000u\000t\000,\000\040\000b\000o\000o\000l\000\040\000i\000g\000n\000o\000r\000e\000m\000i\000s\000s\000i\000n\000g\000=\000f\000a\000l\000s\000e\000,\000\040\000b\000o\000o\000l\000\040\000o\000p\000t\000i\000o\000n\000a\000l\000=\000f\000a\000l\000s\000e\000,\000\040\000E\000N\000U\000M\000\040\000d\000e\000f\000a\000u\000l\000t\000v\000a\000l\000u\000e\000=\000s\000t\000a\000t\000i\000c\000c\000a\000s\000t\000<\000\040\000E\000N\000U\000M\000\040\000>\000\050\0000\000\051\000\051}{subsection.8.9.2}% 112
\BOOKMARK [3][-]{subsubsection.8.9.2.11}{\376\377\0008\000.\0009\000.\0002\000.\0001\0001\000\040\000g\000e\000t\000s\000i\000z\000e\000e\000l\000e\000m\000e\000n\000t\000\050\000Y\000A\000M\000L\000:\000:\000N\000o\000d\000e\000\040\000*\000p\000a\000r\000e\000n\000t\000,\000\040\000c\000o\000n\000s\000t\000\040\000s\000t\000d\000:\000:\000s\000t\000r\000i\000n\000g\000\040\000t\000a\000g\000,\000\040\000S\000I\000Z\000E\000\040\000*\000o\000u\000t\000,\000\040\000b\000o\000o\000l\000\040\000i\000g\000n\000o\000r\000e\000m\000i\000s\000s\000i\000n\000g\000=\000f\000a\000l\000s\000e\000,\000\040\000b\000o\000o\000l\000\040\000o\000p\000t\000i\000o\000n\000a\000l\000=\000f\000a\000l\000s\000e\000,\000\040\000S\000I\000Z\000E\000\040\000d\000e\000f\000a\000u\000l\000t\000v\000a\000l\000u\000e\000=\000s\000t\000a\000t\000i\000c\000c\000a\000s\000t\000<\000\040\000S\000I\000Z\000E\000\040\000>\000\050\0000\000\051\000\051}{subsection.8.9.2}% 113
\BOOKMARK [3][-]{subsubsection.8.9.2.12}{\376\377\0008\000.\0009\000.\0002\000.\0001\0002\000\040\000g\000e\000t\000t\000a\000g\000n\000a\000m\000e\000\050\000\051\000\040\000c\000o\000n\000s\000t\000\040\000=\0000}{subsection.8.9.2}% 114
\BOOKMARK [3][-]{subsubsection.8.9.2.13}{\376\377\0008\000.\0009\000.\0002\000.\0001\0003\000\040\000l\000o\000a\000d\000\050\000Y\000A\000M\000L\000:\000:\000N\000o\000d\000e\000\040\000*\000n\000o\000d\000e\000,\000\040\000b\000o\000o\000l\000\040\000i\000g\000n\000o\000r\000e\000m\000i\000s\000s\000i\000n\000g\000=\000f\000a\000l\000s\000e\000\051\000=\0000}{subsection.8.9.2}% 115
\BOOKMARK [3][-]{subsubsection.8.9.2.14}{\376\377\0008\000.\0009\000.\0002\000.\0001\0004\000\040\000l\000o\000a\000d\000f\000r\000o\000m\000c\000o\000m\000m\000a\000n\000d\000o\000p\000t\000i\000o\000n\000s\000\050\000i\000n\000t\000\040\000a\000r\000g\000c\000,\000\040\000c\000h\000a\000r\000\040\000*\000a\000r\000g\000v\000[\000]\000\051}{subsection.8.9.2}% 116
\BOOKMARK [3][-]{subsubsection.8.9.2.15}{\376\377\0008\000.\0009\000.\0002\000.\0001\0005\000\040\000l\000o\000a\000d\000f\000r\000o\000m\000f\000i\000l\000e\000\050\000c\000o\000n\000s\000t\000\040\000f\000s\000:\000:\000p\000a\000t\000h\000\040\000p\000a\000t\000h\000,\000\040\000b\000o\000o\000l\000\040\000i\000g\000n\000o\000r\000e\000m\000i\000s\000s\000i\000n\000g\000=\000f\000a\000l\000s\000e\000\051}{subsection.8.9.2}% 117
\BOOKMARK [3][-]{subsubsection.8.9.2.16}{\376\377\0008\000.\0009\000.\0002\000.\0001\0006\000\040\000l\000o\000a\000d\000f\000r\000o\000m\000s\000t\000r\000i\000n\000g\000\050\000c\000o\000n\000s\000t\000\040\000s\000t\000d\000:\000:\000s\000t\000r\000i\000n\000g\000\040\000y\000a\000m\000l\000,\000\040\000b\000o\000o\000l\000\040\000i\000g\000n\000o\000r\000e\000m\000i\000s\000s\000i\000n\000g\000=\000f\000a\000l\000s\000e\000\051}{subsection.8.9.2}% 118
\BOOKMARK [3][-]{subsubsection.8.9.2.17}{\376\377\0008\000.\0009\000.\0002\000.\0001\0007\000\040\000s\000a\000v\000e\000\050\000Y\000A\000M\000L\000:\000:\000E\000m\000i\000t\000t\000e\000r\000\040\000*\000o\000u\000t\000\051\000\040\000c\000o\000n\000s\000t\000\040\000=\0000}{subsection.8.9.2}% 119
\BOOKMARK [3][-]{subsubsection.8.9.2.18}{\376\377\0008\000.\0009\000.\0002\000.\0001\0008\000\040\000s\000a\000v\000e\000t\000o\000f\000i\000l\000e\000\050\000c\000o\000n\000s\000t\000\040\000f\000s\000:\000:\000p\000a\000t\000h\000\040\000p\000a\000t\000h\000\051\000\040\000c\000o\000n\000s\000t\000\040}{subsection.8.9.2}% 120
\BOOKMARK [3][-]{subsubsection.8.9.2.19}{\376\377\0008\000.\0009\000.\0002\000.\0001\0009\000\040\000s\000a\000v\000e\000t\000o\000s\000t\000r\000e\000a\000m\000\050\000s\000t\000d\000:\000:\000o\000s\000t\000r\000e\000a\000m\000\040\000*\000p\000t\000r\000\051\000\040\000c\000o\000n\000s\000t\000\040}{subsection.8.9.2}% 121
\BOOKMARK [1][-]{section.8.10}{\376\377\0008\000.\0001\0000\000\040\000a\000l\000p\000s\000:\000:\000F\000i\000l\000e\000S\000y\000s\000t\000e\000m\000T\000y\000p\000e\000F\000a\000c\000t\000o\000r\000y\000<\000\040\000O\000b\000j\000e\000c\000t\000T\000y\000p\000e\000\040\000>\000\040\000C\000l\000a\000s\000s\000\040\000T\000e\000m\000p\000l\000a\000t\000e\000\040\000R\000e\000f\000e\000r\000e\000n\000c\000e}{chapter.8}% 122
\BOOKMARK [1][-]{section.8.11}{\376\377\0008\000.\0001\0001\000\040\000a\000l\000p\000s\000:\000:\000F\000R\000D\000N\000o\000d\000e\000\040\000C\000l\000a\000s\000s\000\040\000R\000e\000f\000e\000r\000e\000n\000c\000e}{chapter.8}% 123
\BOOKMARK [1][-]{section.8.12}{\376\377\0008\000.\0001\0002\000\040\000a\000l\000p\000s\000:\000:\000B\000a\000c\000k\000t\000r\000a\000c\000e\000C\000o\000n\000t\000e\000x\000t\000:\000:\000G\000l\000i\000b\000c\000B\000a\000c\000k\000t\000r\000a\000c\000e\000I\000n\000f\000o\000\040\000S\000t\000r\000u\000c\000t\000\040\000R\000e\000f\000e\000r\000e\000n\000c\000e}{chapter.8}% 124
\BOOKMARK [1][-]{section.8.13}{\376\377\0008\000.\0001\0003\000\040\000a\000l\000p\000s\000:\000:\000H\000e\000x\000\040\000S\000t\000r\000u\000c\000t\000\040\000R\000e\000f\000e\000r\000e\000n\000c\000e}{chapter.8}% 125
\BOOKMARK [2][-]{subsection.8.13.1}{\376\377\0008\000.\0001\0003\000.\0001\000\040\000D\000e\000t\000a\000i\000l\000e\000d\000\040\000D\000e\000s\000c\000r\000i\000p\000t\000i\000o\000n}{section.8.13}% 126
\BOOKMARK [1][-]{section.8.14}{\376\377\0008\000.\0001\0004\000\040\000a\000l\000p\000s\000:\000:\000H\000e\000x\000S\000t\000r\000i\000n\000g\000\040\000S\000t\000r\000u\000c\000t\000\040\000R\000e\000f\000e\000r\000e\000n\000c\000e}{chapter.8}% 127
\BOOKMARK [2][-]{subsection.8.14.1}{\376\377\0008\000.\0001\0004\000.\0001\000\040\000D\000e\000t\000a\000i\000l\000e\000d\000\040\000D\000e\000s\000c\000r\000i\000p\000t\000i\000o\000n}{section.8.14}% 128
\BOOKMARK [1][-]{section.8.15}{\376\377\0008\000.\0001\0005\000\040\000a\000l\000p\000s\000:\000:\000I\000n\000v\000e\000r\000t\000e\000d\000T\000a\000b\000l\000e\000\040\000C\000l\000a\000s\000s\000\040\000R\000e\000f\000e\000r\000e\000n\000c\000e}{chapter.8}% 129
\BOOKMARK [1][-]{section.8.16}{\376\377\0008\000.\0001\0006\000\040\000a\000l\000p\000s\000:\000:\000B\000a\000s\000e\000R\000e\000l\000a\000t\000i\000v\000e\000P\000o\000i\000n\000t\000e\000r\000:\000:\000I\000P\000t\000r\000<\000\040\000R\000e\000g\000i\000o\000n\000T\000y\000p\000e\000,\000\040\000P\000o\000i\000n\000t\000e\000d\000T\000y\000p\000e\000\040\000>\000\040\000C\000l\000a\000s\000s\000\040\000T\000e\000m\000p\000l\000a\000t\000e\000\040\000R\000e\000f\000e\000r\000e\000n\000c\000e}{chapter.8}% 130
\BOOKMARK [2][-]{subsection.8.16.1}{\376\377\0008\000.\0001\0006\000.\0001\000\040\000D\000e\000t\000a\000i\000l\000e\000d\000\040\000D\000e\000s\000c\000r\000i\000p\000t\000i\000o\000n}{section.8.16}% 131
\BOOKMARK [1][-]{section.8.17}{\376\377\0008\000.\0001\0007\000\040\000a\000l\000p\000s\000:\000:\000L\000f\000s\000O\000p\000t\000i\000o\000n\000s\000\040\000S\000t\000r\000u\000c\000t\000\040\000R\000e\000f\000e\000r\000e\000n\000c\000e}{chapter.8}% 132
\BOOKMARK [2][-]{subsection.8.17.1}{\376\377\0008\000.\0001\0007\000.\0001\000\040\000C\000o\000n\000s\000t\000r\000u\000c\000t\000o\000r\000\040\000\046\000\040\000D\000e\000s\000t\000r\000u\000c\000t\000o\000r\000\040\000D\000o\000c\000u\000m\000e\000n\000t\000a\000t\000i\000o\000n}{section.8.17}% 133
\BOOKMARK [3][-]{subsubsection.8.17.1.1}{\376\377\0008\000.\0001\0007\000.\0001\000.\0001\000\040\000L\000f\000s\000O\000p\000t\000i\000o\000n\000s\000\050\000\051}{subsection.8.17.1}% 134
\BOOKMARK [1][-]{section.8.18}{\376\377\0008\000.\0001\0008\000\040\000a\000l\000p\000s\000:\000:\000L\000f\000s\000R\000e\000g\000i\000o\000n\000F\000i\000l\000e\000\040\000C\000l\000a\000s\000s\000\040\000R\000e\000f\000e\000r\000e\000n\000c\000e}{chapter.8}% 135
\BOOKMARK [1][-]{section.8.19}{\376\377\0008\000.\0001\0009\000\040\000a\000l\000p\000s\000:\000:\000L\000f\000s\000T\000o\000p\000o\000l\000o\000g\000y\000\040\000C\000l\000a\000s\000s\000\040\000R\000e\000f\000e\000r\000e\000n\000c\000e}{chapter.8}% 136
\BOOKMARK [1][-]{section.8.20}{\376\377\0008\000.\0002\0000\000\040\000a\000l\000p\000s\000:\000:\000B\000a\000c\000k\000t\000r\000a\000c\000e\000C\000o\000n\000t\000e\000x\000t\000:\000:\000L\000i\000b\000B\000a\000c\000k\000t\000r\000a\000c\000e\000I\000n\000f\000o\000\040\000S\000t\000r\000u\000c\000t\000\040\000R\000e\000f\000e\000r\000e\000n\000c\000e}{chapter.8}% 137
\BOOKMARK [1][-]{section.8.21}{\376\377\0008\000.\0002\0001\000\040\000a\000l\000p\000s\000:\000:\000M\000a\000p\000p\000a\000b\000l\000e\000<\000\040\000R\000e\000g\000i\000o\000n\000T\000y\000p\000e\000,\000\040\000M\000e\000m\000o\000r\000y\000M\000a\000p\000I\000m\000p\000l\000,\000\040\000P\000o\000i\000n\000t\000e\000r\000I\000m\000p\000l\000\040\000>\000\040\000C\000l\000a\000s\000s\000\040\000T\000e\000m\000p\000l\000a\000t\000e\000\040\000R\000e\000f\000e\000r\000e\000n\000c\000e}{chapter.8}% 138
\BOOKMARK [2][-]{subsection.8.21.1}{\376\377\0008\000.\0002\0001\000.\0001\000\040\000D\000e\000t\000a\000i\000l\000e\000d\000\040\000D\000e\000s\000c\000r\000i\000p\000t\000i\000o\000n}{section.8.21}% 139
\BOOKMARK [1][-]{section.8.22}{\376\377\0008\000.\0002\0002\000\040\000a\000l\000p\000s\000:\000:\000M\000e\000m\000o\000r\000y\000M\000a\000n\000a\000g\000e\000r\000\040\000C\000l\000a\000s\000s\000\040\000R\000e\000f\000e\000r\000e\000n\000c\000e}{chapter.8}% 140
\BOOKMARK [2][-]{subsection.8.22.1}{\376\377\0008\000.\0002\0002\000.\0001\000\040\000D\000e\000t\000a\000i\000l\000e\000d\000\040\000D\000e\000s\000c\000r\000i\000p\000t\000i\000o\000n}{section.8.22}% 141
\BOOKMARK [1][-]{section.8.23}{\376\377\0008\000.\0002\0003\000\040\000a\000l\000p\000s\000:\000:\000M\000u\000l\000t\000i\000R\000e\000g\000i\000o\000n\000F\000i\000l\000e\000\040\000C\000l\000a\000s\000s\000\040\000R\000e\000f\000e\000r\000e\000n\000c\000e}{chapter.8}% 142
\BOOKMARK [2][-]{subsection.8.23.1}{\376\377\0008\000.\0002\0003\000.\0001\000\040\000D\000e\000t\000a\000i\000l\000e\000d\000\040\000D\000e\000s\000c\000r\000i\000p\000t\000i\000o\000n}{section.8.23}% 143
\BOOKMARK [1][-]{section.8.24}{\376\377\0008\000.\0002\0004\000\040\000a\000l\000p\000s\000:\000:\000P\000A\000d\000d\000r\000\040\000S\000t\000r\000u\000c\000t\000\040\000R\000e\000f\000e\000r\000e\000n\000c\000e}{chapter.8}% 144
\BOOKMARK [1][-]{section.8.25}{\376\377\0008\000.\0002\0005\000\040\000a\000l\000p\000s\000:\000:\000P\000e\000g\000a\000s\000T\000h\000r\000e\000a\000d\000\040\000C\000l\000a\000s\000s\000\040\000R\000e\000f\000e\000r\000e\000n\000c\000e}{chapter.8}% 145
\BOOKMARK [1][-]{section.8.26}{\376\377\0008\000.\0002\0006\000\040\000a\000l\000p\000s\000:\000:\000P\000e\000g\000a\000s\000u\000s\000\040\000C\000l\000a\000s\000s\000\040\000R\000e\000f\000e\000r\000e\000n\000c\000e}{chapter.8}% 146
\BOOKMARK [2][-]{subsection.8.26.1}{\376\377\0008\000.\0002\0006\000.\0001\000\040\000D\000e\000t\000a\000i\000l\000e\000d\000\040\000D\000e\000s\000c\000r\000i\000p\000t\000i\000o\000n}{section.8.26}% 147
\BOOKMARK [2][-]{subsection.8.26.2}{\376\377\0008\000.\0002\0006\000.\0002\000\040\000M\000e\000m\000b\000e\000r\000\040\000F\000u\000n\000c\000t\000i\000o\000n\000\040\000D\000o\000c\000u\000m\000e\000n\000t\000a\000t\000i\000o\000n}{section.8.26}% 148
\BOOKMARK [3][-]{subsubsection.8.26.2.1}{\376\377\0008\000.\0002\0006\000.\0002\000.\0001\000\040\000i\000n\000i\000t\000\050\000c\000o\000n\000s\000t\000\040\000c\000h\000a\000r\000\040\000*\000c\000o\000n\000f\000i\000g\000f\000i\000l\000e\000,\000\040\000b\000o\000o\000l\000\040\000u\000s\000e\000s\000y\000s\000t\000e\000m\000w\000i\000d\000e\000c\000o\000n\000f\000,\000\040\000b\000o\000o\000l\000\040\000u\000s\000e\000e\000n\000v\000i\000r\000o\000n\000\051}{subsection.8.26.2}% 149
\BOOKMARK [3][-]{subsubsection.8.26.2.2}{\376\377\0008\000.\0002\0006\000.\0002\000.\0002\000\040\000l\000o\000a\000d\000o\000p\000t\000i\000o\000n\000s\000\050\000c\000o\000n\000s\000t\000\040\000c\000h\000a\000r\000\040\000*\000c\000o\000n\000f\000i\000g\000f\000i\000l\000e\000,\000\040\000b\000o\000o\000l\000\040\000u\000s\000e\000s\000y\000s\000t\000e\000m\000w\000i\000d\000e\000c\000o\000n\000f\000,\000\040\000b\000o\000o\000l\000\040\000u\000s\000e\000e\000n\000v\000i\000r\000o\000n\000,\000\040\000P\000e\000g\000a\000s\000u\000s\000O\000p\000t\000i\000o\000n\000s\000\040\000*\000p\000e\000g\000a\000s\000u\000s\000o\000p\000t\000i\000o\000n\000s\000\051}{subsection.8.26.2}% 150
\BOOKMARK [1][-]{section.8.27}{\376\377\0008\000.\0002\0007\000\040\000a\000l\000p\000s\000:\000:\000P\000e\000g\000a\000s\000u\000s\000O\000p\000t\000i\000o\000n\000s\000\040\000S\000t\000r\000u\000c\000t\000\040\000R\000e\000f\000e\000r\000e\000n\000c\000e}{chapter.8}% 151
\BOOKMARK [1][-]{section.8.28}{\376\377\0008\000.\0002\0008\000\040\000a\000l\000p\000s\000:\000:\000B\000a\000s\000e\000R\000e\000l\000a\000t\000i\000v\000e\000P\000o\000i\000n\000t\000e\000r\000:\000:\000P\000P\000t\000r\000<\000\040\000R\000e\000g\000i\000o\000n\000T\000y\000p\000e\000,\000\040\000P\000o\000i\000n\000t\000e\000d\000T\000y\000p\000e\000\040\000>\000\040\000C\000l\000a\000s\000s\000\040\000T\000e\000m\000p\000l\000a\000t\000e\000\040\000R\000e\000f\000e\000r\000e\000n\000c\000e}{chapter.8}% 152
\BOOKMARK [2][-]{subsection.8.28.1}{\376\377\0008\000.\0002\0008\000.\0001\000\040\000D\000e\000t\000a\000i\000l\000e\000d\000\040\000D\000e\000s\000c\000r\000i\000p\000t\000i\000o\000n}{section.8.28}% 153
\BOOKMARK [1][-]{section.8.29}{\376\377\0008\000.\0002\0009\000\040\000a\000l\000p\000s\000:\000:\000P\000r\000o\000c\000e\000s\000s\000M\000a\000p\000\040\000C\000l\000a\000s\000s\000\040\000R\000e\000f\000e\000r\000e\000n\000c\000e}{chapter.8}% 154
\BOOKMARK [1][-]{section.8.30}{\376\377\0008\000.\0003\0000\000\040\000a\000l\000p\000s\000:\000:\000R\000e\000g\000i\000o\000n\000\040\000C\000l\000a\000s\000s\000\040\000R\000e\000f\000e\000r\000e\000n\000c\000e}{chapter.8}% 155
\BOOKMARK [2][-]{subsection.8.30.1}{\376\377\0008\000.\0003\0000\000.\0001\000\040\000D\000e\000t\000a\000i\000l\000e\000d\000\040\000D\000e\000s\000c\000r\000i\000p\000t\000i\000o\000n}{section.8.30}% 156
\BOOKMARK [1][-]{section.8.31}{\376\377\0008\000.\0003\0001\000\040\000a\000l\000p\000s\000:\000:\000R\000e\000g\000i\000o\000n\000F\000i\000l\000e\000\040\000C\000l\000a\000s\000s\000\040\000R\000e\000f\000e\000r\000e\000n\000c\000e}{chapter.8}% 157
\BOOKMARK [2][-]{subsection.8.31.1}{\376\377\0008\000.\0003\0001\000.\0001\000\040\000D\000e\000t\000a\000i\000l\000e\000d\000\040\000D\000e\000s\000c\000r\000i\000p\000t\000i\000o\000n}{section.8.31}% 158
\BOOKMARK [1][-]{section.8.32}{\376\377\0008\000.\0003\0002\000\040\000a\000l\000p\000s\000:\000:\000R\000e\000g\000i\000o\000n\000F\000i\000l\000e\000F\000a\000c\000t\000o\000r\000y\000\040\000C\000l\000a\000s\000s\000\040\000R\000e\000f\000e\000r\000e\000n\000c\000e}{chapter.8}% 159
\BOOKMARK [1][-]{section.8.33}{\376\377\0008\000.\0003\0003\000\040\000a\000l\000p\000s\000:\000:\000R\000v\000m\000a\000R\000e\000g\000i\000o\000n\000F\000i\000l\000e\000\040\000C\000l\000a\000s\000s\000\040\000R\000e\000f\000e\000r\000e\000n\000c\000e}{chapter.8}% 160
\BOOKMARK [1][-]{section.8.34}{\376\377\0008\000.\0003\0004\000\040\000a\000l\000p\000s\000:\000:\000T\000m\000p\000f\000s\000O\000p\000t\000i\000o\000n\000s\000\040\000S\000t\000r\000u\000c\000t\000\040\000R\000e\000f\000e\000r\000e\000n\000c\000e}{chapter.8}% 161
\BOOKMARK [2][-]{subsection.8.34.1}{\376\377\0008\000.\0003\0004\000.\0001\000\040\000C\000o\000n\000s\000t\000r\000u\000c\000t\000o\000r\000\040\000\046\000\040\000D\000e\000s\000t\000r\000u\000c\000t\000o\000r\000\040\000D\000o\000c\000u\000m\000e\000n\000t\000a\000t\000i\000o\000n}{section.8.34}% 162
\BOOKMARK [3][-]{subsubsection.8.34.1.1}{\376\377\0008\000.\0003\0004\000.\0001\000.\0001\000\040\000T\000m\000p\000f\000s\000O\000p\000t\000i\000o\000n\000s\000\050\000\051}{subsection.8.34.1}% 163
\BOOKMARK [1][-]{section.8.35}{\376\377\0008\000.\0003\0005\000\040\000a\000l\000p\000s\000:\000:\000T\000m\000p\000f\000s\000R\000e\000g\000i\000o\000n\000F\000i\000l\000e\000\040\000C\000l\000a\000s\000s\000\040\000R\000e\000f\000e\000r\000e\000n\000c\000e}{chapter.8}% 164
\BOOKMARK [1][-]{section.8.36}{\376\377\0008\000.\0003\0006\000\040\000a\000l\000p\000s\000:\000:\000T\000m\000p\000f\000s\000T\000o\000p\000o\000l\000o\000g\000y\000\040\000C\000l\000a\000s\000s\000\040\000R\000e\000f\000e\000r\000e\000n\000c\000e}{chapter.8}% 165
\BOOKMARK [1][-]{section.8.37}{\376\377\0008\000.\0003\0007\000\040\000a\000l\000p\000s\000:\000:\000T\000o\000p\000o\000l\000o\000g\000y\000\040\000C\000l\000a\000s\000s\000\040\000R\000e\000f\000e\000r\000e\000n\000c\000e}{chapter.8}% 166
\BOOKMARK [1][-]{section.8.38}{\376\377\0008\000.\0003\0008\000\040\000a\000l\000p\000s\000:\000:\000T\000o\000p\000o\000l\000o\000g\000y\000F\000a\000c\000t\000o\000r\000y\000\040\000C\000l\000a\000s\000s\000\040\000R\000e\000f\000e\000r\000e\000n\000c\000e}{chapter.8}% 167
\BOOKMARK [1][-]{section.8.39}{\376\377\0008\000.\0003\0009\000\040\000a\000l\000p\000s\000:\000:\000B\000a\000s\000e\000R\000e\000l\000a\000t\000i\000v\000e\000P\000o\000i\000n\000t\000e\000r\000:\000:\000T\000P\000t\000r\000<\000\040\000R\000e\000g\000i\000o\000n\000T\000y\000p\000e\000,\000\040\000P\000o\000i\000n\000t\000e\000d\000T\000y\000p\000e\000\040\000>\000\040\000C\000l\000a\000s\000s\000\040\000T\000e\000m\000p\000l\000a\000t\000e\000\040\000R\000e\000f\000e\000r\000e\000n\000c\000e}{chapter.8}% 168
\BOOKMARK [2][-]{subsection.8.39.1}{\376\377\0008\000.\0003\0009\000.\0001\000\040\000D\000e\000t\000a\000i\000l\000e\000d\000\040\000D\000e\000s\000c\000r\000i\000p\000t\000i\000o\000n}{section.8.39}% 169
\BOOKMARK [1][-]{section.8.40}{\376\377\0008\000.\0004\0000\000\040\000a\000l\000p\000s\000:\000:\000V\000m\000A\000r\000e\000a\000\040\000C\000l\000a\000s\000s\000\040\000R\000e\000f\000e\000r\000e\000n\000c\000e}{chapter.8}% 170
\BOOKMARK [1][-]{section.8.41}{\376\377\0008\000.\0004\0001\000\040\000a\000l\000p\000s\000:\000:\000Z\000A\000d\000d\000r\000\040\000S\000t\000r\000u\000c\000t\000\040\000R\000e\000f\000e\000r\000e\000n\000c\000e}{chapter.8}% 171
\BOOKMARK [1][-]{section.8.42}{\376\377\0008\000.\0004\0002\000\040\000a\000l\000p\000s\000:\000:\000B\000a\000s\000e\000R\000e\000l\000a\000t\000i\000v\000e\000P\000o\000i\000n\000t\000e\000r\000:\000:\000Z\000P\000t\000r\000<\000\040\000R\000e\000g\000i\000o\000n\000T\000y\000p\000e\000,\000\040\000P\000o\000i\000n\000t\000e\000d\000T\000y\000p\000e\000\040\000>\000\040\000C\000l\000a\000s\000s\000\040\000T\000e\000m\000p\000l\000a\000t\000e\000\040\000R\000e\000f\000e\000r\000e\000n\000c\000e}{chapter.8}% 172
\BOOKMARK [0][-]{section*.158}{\376\377\000I\000n\000d\000e\000x}{}% 173
